accountsservice
acl
acpi-support
acpid
add-apt-key
adduser
adwaita-icon-theme
adwaita-icon-theme-full
alsa-base
alsa-topology-conf
alsa-ucm-conf
alsa-utils
amd64-microcode
anacron
apg
app-install-data
apparmor
appstream
apt
apt-clone
apt-utils
aptdaemon
aptdaemon-data
aptitude
aptitude-common
apturl
apturl-common
archdetect-deb
asciinema
aspell
aspell-en
at-spi2-core
attr
autorandr
avahi-autoipd
avahi-daemon
avahi-utils
baobab
base-files
base-passwd
bash
bash-completion
bc
bind9-dnsutils
bind9-host
bind9-libs
binutils
binutils-common
binutils-x86-64-linux-gnu
bison
blueberry
bluetooth
bluez
bluez-cups
bluez-obexd
bluez-tools
bolt
brltty
bsdmainutils
bsdutils
btrfs-progs
bubblewrap
busybox-initramfs
busybox-static
bzip2
ca-certificates
ca-certificates-java
caribou
casper
celluloid
cifs-utils
cinnamon
cinnamon-common
cinnamon-control-center
cinnamon-control-center-data
cinnamon-control-center-dbg
cinnamon-dbg
cinnamon-desktop-data
cinnamon-l10n
cinnamon-screensaver
cinnamon-session
cinnamon-session-common
cinnamon-settings-daemon
cjs
colord
colord-data
command-not-found
console-setup
console-setup-linux
coreutils
cpio
cpp
cpp-9
cracklib-runtime
crda
cron
cryptsetup
cryptsetup-bin
cryptsetup-initramfs
cups
cups-browsed
cups-bsd
cups-client
cups-common
cups-core-drivers
cups-daemon
cups-filters
cups-filters-core-drivers
cups-ipp-utils
cups-pk-helper
cups-ppdc
cups-server-common
curl
dash
dbus
dbus-user-session
dbus-x11
dc
dconf-cli
dconf-gsettings-backend
dconf-service
dcraw
dctrl-tools
debconf
debconf-i18n
debianutils
default-jre
default-jre-headless
desktop-file-utils
dialog
dictionaries-common
diffstat
diffutils
dirmngr
distro-info-data
dkms
dmeventd
dmidecode
dmraid
dmsetup
dmz-cursor-theme
dns-root-data
dnsmasq-base
doc-base
docbook-xml
docker
docker.io
dosfstools
dpkg
dpkg-dev
dpkg-repack
drawing
dropbox
e2fsprogs
ecryptfs-utils
ed
efibootmgr
eject
emacsen-common
enchant-2
espeak-ng-data
ethtool
evolution-data-server
evolution-data-server-common
exfat-fuse
exfat-utils
fakeroot
fdisk
ffmpegthumbnailer
file
file-roller
finalrd
findutils
firefox
firefox-locale-en
flatpak
flex
folder-color-switcher
fontconfig
fontconfig-config
fonts-beng
fonts-beng-extra
fonts-dejavu-core
fonts-deva
fonts-deva-extra
fonts-droid-fallback
fonts-freefont-ttf
fonts-gargi
fonts-gubbi
fonts-gujr
fonts-gujr-extra
fonts-guru
fonts-guru-extra
fonts-indic
fonts-kacst
fonts-kacst-one
fonts-kalapi
fonts-khmeros-core
fonts-knda
fonts-lao
fonts-liberation
fonts-liberation2
fonts-lklug-sinhala
fonts-lohit-beng-assamese
fonts-lohit-beng-bengali
fonts-lohit-deva
fonts-lohit-gujr
fonts-lohit-guru
fonts-lohit-knda
fonts-lohit-mlym
fonts-lohit-orya
fonts-lohit-taml
fonts-lohit-taml-classical
fonts-lohit-telu
fonts-mathjax
fonts-mlym
fonts-nakula
fonts-navilu
fonts-noto-cjk
fonts-noto-color-emoji
fonts-noto-mono
fonts-opensymbol
fonts-orya
fonts-orya-extra
fonts-pagul
fonts-sahadeva
fonts-samyak-deva
fonts-samyak-gujr
fonts-samyak-mlym
fonts-samyak-taml
fonts-sarai
fonts-sil-abyssinica
fonts-sil-padauk
fonts-smc
fonts-smc-anjalioldlipi
fonts-smc-chilanka
fonts-smc-dyuthi
fonts-smc-gayathri
fonts-smc-karumbi
fonts-smc-keraleeyam
fonts-smc-manjari
fonts-smc-meera
fonts-smc-rachana
fonts-smc-raghumalayalamsans
fonts-smc-suruma
fonts-smc-uroob
fonts-taml
fonts-telu
fonts-telu-extra
fonts-thai-tlwg
fonts-tibetan-machine
fonts-tlwg-garuda
fonts-tlwg-garuda-ttf
fonts-tlwg-kinnari
fonts-tlwg-kinnari-ttf
fonts-tlwg-laksaman
fonts-tlwg-laksaman-ttf
fonts-tlwg-loma
fonts-tlwg-loma-ttf
fonts-tlwg-mono
fonts-tlwg-mono-ttf
fonts-tlwg-norasi
fonts-tlwg-norasi-ttf
fonts-tlwg-purisa
fonts-tlwg-purisa-ttf
fonts-tlwg-sawasdee
fonts-tlwg-sawasdee-ttf
fonts-tlwg-typewriter
fonts-tlwg-typewriter-ttf
fonts-tlwg-typist
fonts-tlwg-typist-ttf
fonts-tlwg-typo
fonts-tlwg-typo-ttf
fonts-tlwg-umpush
fonts-tlwg-umpush-ttf
fonts-tlwg-waree
fonts-tlwg-waree-ttf
fonts-ubuntu
fonts-urw-base35
fonts-yrsa-rasa
foomatic-db-compressed-ppds
fprintd
friendly-recovery
ftp
fuse
fwupd
fwupd-signed
gamemode
gawk
gcc
gcc-10-base
gcc-9
gcc-9-base
gcr
gdb
gdbserver
gdebi
gdebi-core
gdisk
genisoimage
geoclue-2.0
geoip-database
gettext
gettext-base
ghostscript
ghostscript-x
gir1.2-accountsservice-1.0
gir1.2-appindicator3-0.1
gir1.2-appstream-1.0
gir1.2-appstreamglib-1.0
gir1.2-atk-1.0
gir1.2-atspi-2.0
gir1.2-caribou-1.0
gir1.2-cinnamondesktop-3.0
gir1.2-clutter-1.0
gir1.2-clutter-gst-3.0
gir1.2-cmenu-3.0
gir1.2-cogl-1.0
gir1.2-coglpango-1.0
gir1.2-cvc-1.0
gir1.2-dbusmenu-glib-0.4
gir1.2-dee-1.0
gir1.2-flatpak-1.0
gir1.2-freedesktop
gir1.2-gdesktopenums-3.0
gir1.2-gdkpixbuf-2.0
gir1.2-gkbd-3.0
gir1.2-glib-2.0
gir1.2-gnomebluetooth-1.0
gir1.2-gnomedesktop-3.0
gir1.2-gst-plugins-base-1.0
gir1.2-gstreamer-1.0
gir1.2-gtk-3.0
gir1.2-gtkclutter-1.0
gir1.2-gtksource-3.0
gir1.2-gtksource-4
gir1.2-gtop-2.0
gir1.2-gudev-1.0
gir1.2-ibus-1.0
gir1.2-javascriptcoregtk-4.0
gir1.2-json-1.0
gir1.2-keybinder-3.0
gir1.2-matedesktop-2.0
gir1.2-matemenu-2.0
gir1.2-matepanelapplet-4.0
gir1.2-meta-muffin-0.0
gir1.2-nemo-3.0
gir1.2-nm-1.0
gir1.2-nma-1.0
gir1.2-notify-0.7
gir1.2-packagekitglib-1.0
gir1.2-pango-1.0
gir1.2-peas-1.0
gir1.2-polkit-1.0
gir1.2-rb-3.0
gir1.2-secret-1
gir1.2-soup-2.4
gir1.2-timezonemap-1.0
gir1.2-udisks-2.0
gir1.2-upowerglib-1.0
gir1.2-vte-2.91
gir1.2-webkit2-4.0
gir1.2-wnck-3.0
gir1.2-xapp-1.0
gir1.2-xkl-1.0
gir1.2-xreader
git
gkbd-capplet
glib-networking
glib-networking-common
glib-networking-services
gnome-accessibility-themes
gnome-bluetooth
gnome-calculator
gnome-calendar
gnome-desktop3-data
gnome-disk-utility
gnome-font-viewer
gnome-icon-theme
gnome-keyring
gnome-keyring-pkcs11
gnome-logs
gnome-menus
gnome-online-accounts
gnome-power-manager
gnome-screenshot
gnome-session-bin
gnome-session-canberra
gnome-settings-daemon
gnome-settings-daemon-common
gnome-system-monitor
gnome-terminal
gnome-terminal-data
gnome-themes-extra
gnome-themes-extra-data
gnote
gnupg
gnupg-l10n
gnupg-utils
golang
google-chrome-stable
gparted
gpg
gpg-agent
gpg-wks-client
gpg-wks-server
gpgconf
gpgsm
gpgv
grep
groff-base
growisofs
grub-common
grub-efi-amd64-signed
grub-gfxpayload-lists
grub-pc
grub-pc-bin
grub2-common
gsettings-desktop-schemas
gsfonts
gstreamer1.0-alsa
gstreamer1.0-clutter-3.0
gstreamer1.0-gl
gstreamer1.0-packagekit
gstreamer1.0-plugins-base
gstreamer1.0-plugins-base-apps
gstreamer1.0-plugins-good
gstreamer1.0-pulseaudio
gstreamer1.0-tools
gstreamer1.0-x
gtk-update-icon-cache
gtk2-engines
gtk2-engines-murrine
gtk2-engines-pixbuf
gucharmap
gufw
guile-2.2-libs
gvfs
gvfs-backends
gvfs-bin
gvfs-common
gvfs-daemons
gvfs-fuse
gvfs-libs
gzip
hddtemp
hdparm
hexchat
hexchat-common
hfsprogs
hicolor-icon-theme
hostname
hplip
hplip-data
hunspell-de-at-frami
hunspell-de-ch-frami
hunspell-de-de-frami
hunspell-en-au
hunspell-en-ca
hunspell-en-gb
hunspell-en-us
hunspell-en-za
hunspell-es
hunspell-fr
hunspell-fr-classical
hunspell-it
hunspell-pt-br
hunspell-pt-pt
hunspell-ru
hwdata
hyphen-de
hyphen-en-ca
hyphen-en-gb
hyphen-en-us
hyphen-fr
hyphen-it
hyphen-pt-br
hyphen-pt-pt
hyphen-ru
hypnotix
i3
i3status
i965-va-driver
ideviceinstaller
ifupdown
ifuse
iio-sensor-proxy
im-config
info
init
init-system-helpers
initramfs-tools
initramfs-tools-bin
initramfs-tools-core
inotify-tools
inputattach
install-info
intel-media-va-driver
intel-microcode
intltool-debian
inxi
iproute2
iptables
iputils-arping
iputils-ping
iputils-tracepath
irqbalance
isc-dhcp-client
isc-dhcp-common
iso-codes
iso-flag-png
iucode-tool
iw
java-common
jfsutils
kbd
kdeconnect
kerneloops
keyboard-configuration
keyutils
klibc-utils
kmod
kpartx
kpartx-boot
krb5-locales
krb5-user
language-pack-en
language-pack-en-base
language-pack-gnome-en
language-pack-gnome-en-base
laptop-detect
less
libaa1
libabw-0.1-1
libaccountsservice0
libacl1
libaio1
libao-common
libao4
libaom0
libapparmor1
libappindicator3-1
libappstream-glib8
libappstream4
libapt-pkg-perl
libapt-pkg6.0
libarchive-zip-perl
libarchive13
libargon2-1
libasan5
libasn1-8-heimdal
libasound2
libasound2-data
libasound2-plugins
libaspell15
libass9
libassuan0
libasyncns0
libatasmart4
libatk-adaptor
libatk-bridge2.0-0
libatk1.0-0
libatk1.0-data
libatkmm-1.6-1v5
libatm1
libatomic1
libatopology2
libatspi2.0-0
libattr1
libaudit-common
libaudit1
libauthen-sasl-perl
libavahi-client3
libavahi-common-data
libavahi-common3
libavahi-core7
libavahi-glib1
libavc1394-0
libavdevice58
libavfilter7
libavformat58
libavutil56
libb-hooks-endofscope-perl
libb-hooks-op-check-perl
libbabeltrace1
libbinutils
libblkid1
libblockdev-crypto2
libblockdev-fs2
libblockdev-loop2
libblockdev-part-err2
libblockdev-part2
libblockdev-swap2
libblockdev-utils2
libblockdev2
libbluetooth3
libbluray2
libboost-date-time1.71.0
libboost-filesystem1.71.0
libboost-iostreams1.71.0
libboost-locale1.71.0
libboost-thread1.71.0
libbrlapi0.7
libbrotli1
libbs2b0
libbsd0
libbz2-1.0
libc-ares2
libc-bin
libc6
libc6-dbg
libcaca0
libcairo-gobject-perl
libcairo-gobject2
libcairo-perl
libcairo2
libcairomm-1.0-1v5
libcamel-1.2-62
libcanberra-gtk3-0
libcanberra-gtk3-module
libcanberra-pulse
libcanberra0
libcap-ng0
libcap2
libcap2-bin
libcapture-tiny-perl
libcaribou-common
libcaribou0
libcbor0.6
libcc1-0
libcdio-cdda2
libcdio-paranoia2
libcdio18
libcdparanoia0
libcdr-0.1-1
libcgi-fast-perl
libcgi-pm-perl
libchamplain-0.12-0
libchamplain-gtk-0.12-0
libchromaprint1
libcinnamon-control-center1
libcinnamon-desktop-dbg
libcinnamon-desktop4
libcinnamon-menu-3-0
libcinnamon-menu-3-0-dbg
libcjs-dbg
libcjs0f
libclass-method-modifiers-perl
libclass-xsaccessor-perl
libclone-perl
libclucene-contribs1v5
libclucene-core1v5
libclutter-1.0-0
libclutter-1.0-common
libclutter-gst-3.0-0
libclutter-gtk-1.0-0
libcmis-0.5-5v5
libcodec2-0.9
libcogl-common
libcogl-pango20
libcogl-path20
libcogl20
libcolamd2
libcolord2
libcolorhug2
libcom-err2
libcpanel-json-xs-perl
libcrack2
libcroco3
libcrypt1
libcryptsetup12
libcscreensaver0
libctf-nobfd0
libctf0
libcups2
libcupsfilters1
libcupsimage2
libcurl3-gnutls
libcurl4
libcvc-dbg
libcvc0
libcwidget4
libdaemon0
libdata-dump-perl
libdatrie1
libdazzle-1.0-0
libdb5.3
libdbus-1-3
libdbus-glib-1-2
libdbusmenu-glib4
libdbusmenu-gtk3-4
libdc1394-22
libdconf1
libdebconfclient0
libdebian-installer4
libdee-1.0-4
libdevel-callchecker-perl
libdevel-size-perl
libdevmapper-event1.02.1
libdevmapper1.02.1
libdigest-hmac-perl
libdjvulibre-text
libdjvulibre21
libdmapsharing-3.0-2
libdmraid1.0.0.rc16
libdns-export1109
libdotconf0
libdouble-conversion3
libdpkg-perl
libdrm-amdgpu1
libdrm-common
libdrm-intel1
libdrm-nouveau2
libdrm-radeon1
libdrm2
libdv4
libdvdnav4
libdvdread7
libdw1
libdynaloader-functions-perl
libe-book-0.1-1
libebackend-1.2-10
libebook-1.2-20
libebook-contacts-1.2-3
libecal-2.0-1
libecryptfs1
libedata-book-1.2-26
libedata-cal-2.0-1
libedataserver-1.2-24
libedataserverui-1.2-2
libedit2
libefiboot1
libefivar1
libegl-mesa0
libegl1
libel-api-java
libelf1
libemail-valid-perl
libenchant-2-2
libencode-locale-perl
libeot0
libepoxy0
libept1.6.0
libepubgen-0.1-1
libespeak-ng1
libestr0
libetonyek-0.1-1
libevdev2
libevent-2.1-7
libexempi8
libexif12
libexiv2-27
libexpat1
libexporter-tiny-perl
libext2fs2
libexttextcat-2.0-0
libexttextcat-data
libextutils-depends-perl
libextutils-pkgconfig-perl
libfakeroot
libfastjson4
libfcgi-perl
libfdisk1
libffi7
libffmpegthumbnailer4v5
libfftw3-double3
libfftw3-single3
libfido2-1
libfile-basedir-perl
libfile-desktopentry-perl
libfile-fcntllock-perl
libfile-find-rule-perl
libfile-listing-perl
libfile-mimeinfo-perl
libflac8
libflatpak0
libflite1
libfont-afm-perl
libfont-ttf-perl
libfontconfig1
libfontembed1
libfontenc1
libfprint-2-2
libfreehand-0.1-1
libfreetype6
libfribidi0
libfuse2
libfuture-perl
libfwupd2
libfwupdplugin1
libgail-3-0
libgail-common
libgail18
libgamemode0
libgamemodeauto0
libgbm1
libgc1c2
libgcab-1.0-0
libgcc-9-dev
libgcc-s1
libgck-1-0
libgcr-base-3-1
libgcr-ui-3-1
libgcrypt20
libgd3
libgdata-common
libgdata22
libgdbm-compat4
libgdbm6
libgdk-pixbuf2.0-0
libgdk-pixbuf2.0-bin
libgdk-pixbuf2.0-common
libgee-0.8-2
libgeoclue-2-0
libgeocode-glib0
libgif7
libgirepository-1.0-1
libgl1
libgl1-mesa-dri
libglapi-mesa
libgles2
libglib-object-introspection-perl
libglib-perl
libglib2.0-0
libglib2.0-bin
libglib2.0-data
libglib2.0-dev
libglibmm-2.4-1v5
libglu1-mesa
libglvnd0
libglx-mesa0
libglx0
libgme0
libgmp10
libgnome-bluetooth13
libgnome-desktop-3-19
libgnomekbd-common
libgnomekbd8
libgnutls30
libgoa-1.0-0b
libgoa-1.0-common
libgoa-backend-1.0-1
libgomp1
libgpg-error0
libgpgme11
libgpgmepp6
libgphoto2-6
libgphoto2-l10n
libgphoto2-port12
libgpm2
libgpod-common
libgpod4
libgraphene-1.0-0
libgraphite2-3
libgrilo-0.3-0
libgs9
libgs9-common
libgsm1
libgspell-1-2
libgspell-1-common
libgssapi-krb5-2
libgssapi3-heimdal
libgstreamer-gl1.0-0
libgstreamer-plugins-base1.0-0
libgstreamer-plugins-good1.0-0
libgstreamer1.0-0
libgtk-3-0
libgtk-3-bin
libgtk-3-common
libgtk-3-dev
libgtk-layer-shell0
libgtk2-perl
libgtk2.0-0
libgtk2.0-bin
libgtk2.0-common
libgtk3-perl
libgtkmm-3.0-1v5
libgtksourceview-3.0-1
libgtksourceview-3.0-common
libgtksourceview-4-0
libgtksourceview-4-common
libgtop-2.0-11
libgtop2-common
libgucharmap-2-90-7
libgudev-1.0-0
libgusb2
libgutenprint-common
libgutenprint9
libgweather-3-16
libgweather-common
libgxps2
libhandy-0.0-0
libharfbuzz-icu0
libharfbuzz0b
libhcrypto4-heimdal
libheimbase1-heimdal
libheimntlm0-heimdal
libhogweed5
libhpmud0
libhsqldb1.8.0-java
libhtml-form-perl
libhtml-format-perl
libhtml-parser-perl
libhtml-tagset-perl
libhtml-tree-perl
libhttp-cookies-perl
libhttp-daemon-perl
libhttp-date-perl
libhttp-message-perl
libhttp-negotiate-perl
libhunspell-1.7-0
libhx509-5-heimdal
libhyphen0
libibus-1.0-5
libical3
libice6
libicu66
libidn11
libidn2-0
libiec61883-0
libieee1284-3
libigdgmm11
libijs-0.35
libimagequant0
libimobiledevice-utils
libimobiledevice6
libimport-into-perl
libinput-bin
libinput-tools
libinput10
libio-async-loop-epoll-perl
libio-async-perl
libio-html-perl
libio-pty-perl
libio-socket-ssl-perl
libio-string-perl
libip4tc2
libip6tc2
libipc-run-perl
libipc-system-simple-perl
libisc-export1105
libisl22
libitm1
libiw30
libjack-jackd2-0
libjansson4
libjavascriptcoregtk-4.0-18
libjbig0
libjbig2dec0
libjpeg-turbo8
libjpeg8
libjs-mathjax
libjson-c4
libjson-glib-1.0-0
libjson-glib-1.0-common
libjson-maybexs-perl
libjsp-api-java
libjuh-java
libjurt-java
libk5crypto3
libkeybinder-3.0-0
libkeyutils1
libklibc
libkmod2
libkpathsea6
libkrb5-26-heimdal
libkrb5-3
libkrb5support0
libksba8
liblangtag-common
liblangtag1
liblcms2-2
liblcms2-utils
libldap-2.4-2
libldap-common
libldb2
liblightdm-gobject-1-0
liblilv-0-0
liblinux-epoll-perl
liblirc-client0
liblist-compare-perl
liblist-moreutils-perl
libllvm10
liblmdb0
liblocale-gettext-perl
liblouis-data
liblouis20
liblouisutdml-bin
liblouisutdml-data
liblouisutdml9
liblsan0
libltdl7
liblua5.2-0
liblvm2cmd2.03
liblwp-mediatypes-perl
liblwp-protocol-https-perl
liblz4-1
liblzma5
liblzo2-2
libmagic-mgc
libmagic1
libmailtools-perl
libmate-desktop-2-17
libmate-menu2
libmate-panel-applet-4-1
libmateweather-common
libmateweather1
libmaxminddb0
libmbim-glib4
libmbim-proxy
libmessaging-menu0
libmetacity1
libmhash2
libminiupnpc17
libmm-glib0
libmnl0
libmodule-implementation-perl
libmodule-runtime-perl
libmoo-perl
libmoox-aliases-perl
libmount1
libmozjs-78-0
libmp3lame0
libmpc3
libmpdec2
libmpfr6
libmpg123-0
libmpv1
libmspub-0.1-1
libmtdev1
libmtp-common
libmtp-runtime
libmtp9
libmuffin0
libmusicbrainz5-2
libmusicbrainz5cc2v5
libmwaw-0.3-3
libmysofa1
libmysqlclient21
libmythes-1.2-0
libnamespace-clean-perl
libnatpmp1
libnautilus-extension1a
libncurses6
libncursesw6
libndp0
libnemo-extension1
libneon27-gnutls
libnet-dbus-perl
libnet-dns-perl
libnet-domain-tld-perl
libnet-http-perl
libnet-ip-perl
libnet-libidn-perl
libnet-smtp-ssl-perl
libnet-ssleay-perl
libnetfilter-conntrack3
libnetplan0
libnettle7
libnewt0.52
libnfnetlink0
libnfs13
libnftnl11
libnghttp2-14
libnl-3-200
libnl-genl-3-200
libnl-route-3-200
libnm0
libnma0
libnorm1
libnotify-bin
libnotify-dev
libnotify4
libnpth0
libnspr4
libnss-mdns
libnss-myhostname
libnss-systemd
libnss3
libntfs-3g883
libnuma1
libnumber-compare-perl
libodfgen-0.1-1
libogg0
libopenal-data
libopenal1
libopenjp2-7
libopenmpt0
libopus0
liborc-0.4-0
liborcus-0.15-0
libostree-1-1
libp11-kit0
libpackage-stash-perl
libpackagekit-glib2-18
libpagemaker-0.0-0
libpam-cap
libpam-gnome-keyring
libpam-modules
libpam-modules-bin
libpam-runtime
libpam-systemd
libpam0g
libpango-1.0-0
libpango-perl
libpango1.0-dev
libpangocairo-1.0-0
libpangoft2-1.0-0
libpangomm-1.4-1v5
libpangoxft-1.0-0
libpaper-utils
libpaper1
libparams-classify-perl
libparted-fs-resize0
libparted2
libpath-tiny-perl
libpcap0.8
libpcaudio0
libpci3
libpciaccess0
libpcre2-16-0
libpcre2-32-0
libpcre2-8-0
libpcre3
libpcsclite1
libpeas-1.0-0
libpeas-common
libperl5.30
libperlio-gzip-perl
libpgm-5.2-0
libphonenumber7
libpipeline1
libpixman-1-0
libpkcs11-helper1
libplist3
libplymouth5
libpng16-16
libpolkit-agent-1-0
libpolkit-gobject-1-0
libpoppler-cpp0v5
libpoppler-glib8
libpoppler97
libpopt0
libpostproc55
libprocps8
libprotobuf17
libproxy1-plugin-gsettings
libproxy1-plugin-networkmanager
libproxy1v5
libpsl5
libpulse-mainloop-glib0
libpulse0
libpulsedsp
libpwquality-common
libpwquality1
libpython3-stdlib
libpython3.8
libpython3.8-minimal
libpython3.8-stdlib
libqmi-glib5
libqmi-proxy
libqpdf26
libqt5core5a
libqt5dbus5
libqt5gui5
libqt5network5
libqt5svg5
libqt5widgets5
libquadmath0
libraptor2-0
librasqal3
libraw1394-11
librda-common
librda0
librdf0
libreadline5
libreadline8
libreoffice-base
libreoffice-base-core
libreoffice-base-drivers
libreoffice-calc
libreoffice-common
libreoffice-core
libreoffice-draw
libreoffice-gnome
libreoffice-gtk3
libreoffice-help-common
libreoffice-help-de
libreoffice-help-en-gb
libreoffice-help-en-us
libreoffice-help-es
libreoffice-help-fr
libreoffice-help-it
libreoffice-help-pt
libreoffice-help-pt-br
libreoffice-help-ru
libreoffice-help-zh-cn
libreoffice-help-zh-tw
libreoffice-impress
libreoffice-java-common
libreoffice-l10n-de
libreoffice-l10n-en-gb
libreoffice-l10n-en-za
libreoffice-l10n-es
libreoffice-l10n-fr
libreoffice-l10n-it
libreoffice-l10n-pt
libreoffice-l10n-pt-br
libreoffice-l10n-ru
libreoffice-l10n-zh-cn
libreoffice-l10n-zh-tw
libreoffice-math
libreoffice-sdbc-hsqldb
libreoffice-style-colibre
libreoffice-style-tango
libreoffice-writer
librest-0.7-0
librevenge-0.0-0
librhythmbox-core10
libridl-java
libroken18-heimdal
librole-tiny-perl
librsvg2-2
librsvg2-common
librtmp1
librubberband2
libsamplerate0
libsane
libsane-common
libsane-hpaio
libsasl2-2
libsasl2-modules
libsasl2-modules-db
libsbc1
libsdl2-2.0-0
libseccomp2
libsecret-1-0
libsecret-common
libselinux1
libsemanage-common
libsemanage1
libsensors-config
libsensors5
libsepol1
libserd-0-0
libsereal-decoder-perl
libsereal-encoder-perl
libservlet-api-java
libservlet3.1-java
libsgutils2-2
libshine3
libshout3
libsigc++-2.0-0v5
libsigsegv2
libslang2
libsm6
libsmartcols1
libsmbclient
libsmbios-c2
libsnapd-glib1
libsnappy1v5
libsndfile1
libsndio7.0
libsnmp-base
libsnmp35
libsodium23
libsonic0
libsord-0-0
libsoup-gnome2.4-1
libsoup2.4-1
libsoxr0
libspectre1
libspeechd2
libspeex1
libspeexdsp1
libsqlite3-0
libsratom-0-0
libss2
libssh-4
libssh-gcrypt-4
libssl1.1
libstartup-notification0
libstdc++6
libstemmer0d
libstrictures-perl
libstruct-dumb-perl
libsub-exporter-progressive-perl
libsub-identify-perl
libsub-name-perl
libsub-quote-perl
libsuitesparseconfig5
libswresample3
libswscale5
libsystemd0
libtag1v5
libtag1v5-vanilla
libtalloc2
libtasn1-6
libtdb1
libteamdctl0
libtevent0
libtext-charwidth-perl
libtext-glob-perl
libtext-iconv-perl
libtext-levenshtein-perl
libtext-wrapi18n-perl
libthai-data
libthai0
libtheora0
libtie-ixhash-perl
libtiff5
libtimedate-perl
libtimezonemap-data
libtimezonemap1
libtinfo6
libtotem-plparser-common
libtotem-plparser18
libtry-tiny-perl
libtsan0
libtss2-esys0
libtwolame0
libtype-tiny-perl
libubsan1
libuchardet0
libudev1
libudisks2-0
libunicode-utf8-perl
libunistring2
libunity-protocol-private0
libunity-scopes-json-def-desktop
libunity9
libuno-cppu3
libuno-cppuhelpergcc3-3
libuno-purpenvhelpergcc3-3
libuno-sal3
libuno-salhelpergcc3-3
libunoil-java
libunoloader-java
libunwind8
libupower-glib3
liburi-perl
libusb-1.0-0
libusbmuxd6
libuuid-perl
libuuid1
libuv1
libv4l-0
libv4lconvert0
libva-drm2
libva-wayland2
libva-x11-2
libva2
libvariable-magic-perl
libvdpau1
libvidstab1.1
libvisio-0.1-1
libvisual-0.4-0
libvisual-0.4-plugins
libvolume-key1
libvorbis0a
libvorbisenc2
libvorbisfile3
libvpx6
libvte-2.91-0
libvte-2.91-common
libvulkan1
libwacom-bin
libwacom-common
libwacom2
libwavpack1
libwayland-client0
libwayland-cursor0
libwayland-egl1
libwayland-server0
libwbclient0
libwebkit2gtk-4.0-37
libwebp6
libwebpdemux2
libwebpmux3
libwebrtc-audio-processing1
libwebsocket-api-java
libwind0-heimdal
libwmf0.2-7
libwmf0.2-7-gtk
libwnck-3-0
libwnck-3-common
libwoff1
libwpd-0.10-10
libwpg-0.3-3
libwps-0.4-4
libwrap0
libwww-perl
libwww-robotrules-perl
libx11-6
libx11-data
libx11-protocol-perl
libx11-xcb1
libx264-155
libx265-179
libxapian30
libxapp1
libxatracker2
libxau6
libxaw7
libxcb-dri2-0
libxcb-dri3-0
libxcb-glx0
libxcb-icccm4
libxcb-image0
libxcb-keysyms1
libxcb-present0
libxcb-randr0
libxcb-render-util0
libxcb-render0
libxcb-res0
libxcb-shape0
libxcb-shm0
libxcb-sync1
libxcb-util1
libxcb-xfixes0
libxcb-xinerama0
libxcb-xinput0
libxcb-xkb1
libxcb-xv0
libxcb1
libxcomposite1
libxcursor1
libxdamage1
libxdmcp6
libxext6
libxfixes3
libxfont2
libxft2
libxi6
libxinerama-dev
libxinerama1
libxkbcommon-x11-0
libxkbcommon0
libxkbfile1
libxklavier16
libxml-libxml-perl
libxml-namespacesupport-perl
libxml-parser-perl
libxml-sax-base-perl
libxml-sax-expat-perl
libxml-sax-perl
libxml-twig-perl
libxml-writer-perl
libxml-xpathengine-perl
libxml2
libxmlb1
libxmlsec1
libxmlsec1-nss
libxmu6
libxmuu1
libxpm4
libxrandr-dev
libxrandr2
libxreaderdocument3
libxreaderview3
libxrender1
libxres1
libxshmfence1
libxslt1.1
libxss-dev
libxss1
libxt6
libxtables12
libxtst6
libxv1
libxvidcore4
libxvmc1
libxxf86dga1
libxxf86vm1
libyajl2
libyaml-0-2
libyaml-libyaml-perl
libyaml-tiny-perl
libyelp0
libzip5
libzmq5
libzstd1
libzvbi-common
libzvbi0
lightdm
lightdm-settings
lintian
linux-base
linux-firmware
linux-generic
linux-headers-5.4.0-58
linux-headers-5.4.0-58-generic
linux-headers-5.4.0-70-generic
linux-headers-generic
linux-image-5.4.0-58-generic
linux-image-generic
linux-libc-dev
linux-modules-5.4.0-58-generic
linux-modules-extra-5.4.0-58-generic
linux-sound-base
linuxmint-keyring
lm-sensors
localechooser-data
locales
login
logrotate
logsave
lp-solve
lsb-base
lsb-release
lshw
lsof
ltrace
lupin-casper
lvm2
lz4
m4
make
makedev
man-db
manpages
manpages-dev
mate-desktop
mate-desktop-common
mate-menus
mate-panel
mate-panel-common
mate-polkit
mate-polkit-common
mawk
media-player-info
megasync
menu-xdg
mesa-utils
mesa-va-drivers
mesa-vdpau-drivers
mesa-vulkan-drivers
metacity
metacity-common
mime-support
mint-artwork
mint-backgrounds-ulyana
mint-backgrounds-ulyssa
mint-common
mint-info-cinnamon
mint-meta-cinnamon
mint-meta-codecs
mint-meta-core
mint-mirrors
mint-themes
mint-translations
mint-upgrade-info
mint-x-icons
mint-y-icons
mintbackup
mintdrivers
mintinstall
mintlocale
mintmenu
mintreport
mintsources
mintstick
mintsystem
mintupdate
mintwelcome
mlocate
mobile-broadband-provider-info
modemmanager
mokutil
mount
mousetweaks
mscompress
mtools
mtr-tiny
muffin
muffin-common
muffin-dbg
mysql-common
mythes-de
mythes-de-ch
mythes-en-au
mythes-en-us
mythes-fr
mythes-it
mythes-pt-pt
mythes-ru
nano
nautilus-data
ncdu
ncurses-base
ncurses-bin
nemo
nemo-data
nemo-dbg
nemo-emblems
nemo-fileroller
nemo-preview
nemo-share
neofetch
neovim
net-tools
netbase
netcat-openbsd
netplan.io
network-manager
network-manager-config-connectivity-ubuntu
network-manager-gnome
network-manager-openvpn
network-manager-openvpn-gnome
network-manager-pptp
network-manager-pptp-gnome
networkd-dispatcher
ntfs-3g
nvidia-prime-applet
ocl-icd-libopencl1
onboard
onboard-common
openjdk-11-jre
openjdk-11-jre-headless
openprinting-ppds
openssh-client
openssh-server
openssl
openvpn
orca
os-prober
p11-kit
p11-kit-modules
p7zip
p7zip-full
packagekit
packagekit-tools
parted
passwd
patch
patchutils
pci.ids
pciutils
pcmciautils
perl
perl-base
perl-modules-5.30
perl-openssl-defaults
pinentry-curses
pinentry-gnome3
pix
pix-data
pix-dbg
pkg-config
plymouth
plymouth-label
plymouth-theme-ubuntu-text
pm-utils
policykit-1
policykit-1-gnome
policykit-desktop-privileges
poppler-data
poppler-utils
powermgmt-base
ppp
pppconfig
pppoeconf
pptp-linux
printer-driver-brlaser
printer-driver-c2esp
printer-driver-foo2zjs
printer-driver-foo2zjs-common
printer-driver-gutenprint
printer-driver-hpcups
printer-driver-m2300w
printer-driver-min12xxw
printer-driver-pnm2ppa
printer-driver-postscript-hp
printer-driver-ptouch
printer-driver-pxljr
printer-driver-sag-gdi
printer-driver-splix
procps
psmisc
publicsuffix
pulseaudio
pulseaudio-module-bluetooth
pulseaudio-utils
python-apt-common
python-nemo
python-tinycss2-common
python3
python3-apport
python3-apt
python3-aptdaemon
python3-aptdaemon.gtk3widgets
python3-blinker
python3-brlapi
python3-bs4
python3-cairo
python3-certifi
python3-cffi-backend
python3-chardet
python3-click
python3-colorama
python3-commandnotfound
python3-configobj
python3-crypto
python3-cryptography
python3-cups
python3-cupshelpers
python3-dbus
python3-debian
python3-defer
python3-distro
python3-entrypoints
python3-gdbm
python3-gi
python3-gi-cairo
python3-grpcio
python3-httplib2
python3-icu
python3-idna
python3-ifaddr
python3-imdbpy
python3-jwt
python3-keyring
python3-launchpadlib
python3-lazr.restfulclient
python3-lazr.uri
python3-ldb
python3-louis
python3-macaroonbakery
python3-mako
python3-markupsafe
python3-minimal
python3-nacl
python3-netifaces
python3-nose
python3-oauthlib
python3-packaging
python3-pam
python3-parted
python3-pexpect
python3-pil
python3-pip
python3-pkg-resources
python3-problem-report
python3-protobuf
python3-psutil
python3-ptyprocess
python3-pyatspi
python3-pycurl
python3-pyinotify
python3-pymacaroons
python3-pyparsing
python3-reportlab
python3-reportlab-accel
python3-requests
python3-requests-file
python3-requests-unixsocket
python3-rfc3339
python3-samba
python3-secretstorage
python3-setproctitle
python3-simplejson
python3-six
python3-soupsieve
python3-speechd
python3-systemd
python3-talloc
python3-tdb
python3-tinycss2
python3-tldextract
python3-tz
python3-unidecode
python3-uno
python3-urllib3
python3-wadllib
python3-webencodings
python3-xapp
python3-xdg
python3-xkit
python3-xlib
python3-yaml
python3-zeroconf
python3.8
python3.8-minimal
qt5-gtk-platformtheme
qt5-gtk2-platformtheme
qt5-style-plugin-cleanlooks
qt5-style-plugin-motif
qt5-style-plugin-plastique
qt5-style-plugins
qt5ct
qttranslations5-l10n
rclone
rdate
readline-common
redshift
redshift-gtk
reiserfsprogs
remmina
remmina-plugin-vnc
rename
rfkill
rhythmbox
rhythmbox-data
rhythmbox-plugin-tray-icon
rhythmbox-plugins
rsync
rsyslog
rtkit
samba-common
samba-common-bin
samba-libs
sane-utils
sbsigntool
seahorse
secureboot-db
sed
sensible-utils
session-migration
sgml-base
sgml-data
shared-mime-info
shim-signed
signal-desktop
simple-scan
slick-greeter
smbclient
sound-theme-freedesktop
speech-dispatcher
speech-dispatcher-audio-plugins
speech-dispatcher-espeak-ng
spotify-client
squashfs-tools
ssh-askpass-gnome
ssl-cert
strace
streamer
suckless-tools
sudo
sxhkd
synaptic
syslinux
syslinux-common
syslinux-legacy
syslinux-utils
system-config-printer
system-config-printer-common
system-config-printer-udev
system-tools-backends
systemd
systemd-coredump
systemd-sysv
systemd-timesyncd
sysvinit-utils
t1utils
tar
tcpdump
telnet
texlive-full
thermald
thunderbird
thunderbird-gnome-support
thunderbird-locale-en
thunderbird-locale-en-us
time
timeshift
tmux
tpm-udev
transmission-common
transmission-gtk
tzdata
ubuntu-advantage-tools
ubuntu-dbgsym-keyring
ubuntu-drivers-common
ubuntu-keyring
ubuntu-minimal
ubuntu-system-adjustments
ucf
udev
udisks2
ufw
uno-libs-private
unzip
update-inetd
upower
ure
usb-modeswitch
usb-modeswitch-data
usb.ids
usbmuxd
usbutils
user-setup
util-linux
uuid-runtime
va-driver-all
vim-common
vim-tiny
virtualbox
wamerican
warpinator
wbrazilian
wbritish
webapp-manager
wfrench
wget
whiptail
wireless-regdb
wireless-tools
witalian
wmctrl
wngerman
wogerman
wpasupplicant
wportuguese
wspanish
wswiss
x11-apps
x11-common
x11-session-utils
x11-utils
x11-xkb-utils
x11-xserver-utils
x11vnc
xapps-common
xauth
xawtv-plugins
xbacklight
xbitmaps
xbrlapi
xcalib
xclip
xcompmgr
xdg-dbus-proxy
xdg-desktop-portal
xdg-desktop-portal-gtk
xdg-user-dirs
xdg-user-dirs-gtk
xdg-utils
xdotool
xed
xed-common
xed-dbg
xfonts-base
xfonts-encodings
xfonts-scalable
xfonts-utils
xfsprogs
xinit
xinput
xkb-data
xkbset
xml-core
xorg
xorg-docs-core
xosd-bin
xplayer-thumbnailer
xreader
xreader-common
xreader-dbg
xserver-common
xserver-xephyr
xserver-xorg
xserver-xorg-core
xserver-xorg-input-all
xserver-xorg-input-libinput
xserver-xorg-input-wacom
xserver-xorg-legacy
xserver-xorg-video-all
xserver-xorg-video-amdgpu
xserver-xorg-video-ati
xserver-xorg-video-fbdev
xserver-xorg-video-intel
xserver-xorg-video-nouveau
xserver-xorg-video-qxl
xserver-xorg-video-radeon
xserver-xorg-video-vesa
xserver-xorg-video-vmware
xul-ext-lightning
xviewer
xviewer-dbg
xviewer-plugins
xwayland
xxd
xz-utils
yelp
yelp-xsl
zenity
zenity-common
zip
zlib1g
zoom
zsh
